{"level":"error","message":"[Error] POST /api/auth/login - Not allowed by CORS","timestamp":"2026-02-04T07:15:55.036Z"}
{"level":"error","message":"Error: Not allowed by CORS\n    at origin (file:///Users/shobilsathish/Desktop/SMS/server/src/app.js:47:25)\n    at /Users/shobilsathish/Desktop/SMS/server/node_modules/cors/lib/index.js:219:13\n    at optionsCallback (/Users/shobilsathish/Desktop/SMS/server/node_modules/cors/lib/index.js:199:9)\n    at corsMiddleware (/Users/shobilsathish/Desktop/SMS/server/node_modules/cors/lib/index.js:204:7)\n    at Layer.handleRequest (/Users/shobilsathish/Desktop/SMS/server/node_modules/router/lib/layer.js:152:17)\n    at trimPrefix (/Users/shobilsathish/Desktop/SMS/server/node_modules/router/index.js:342:13)\n    at /Users/shobilsathish/Desktop/SMS/server/node_modules/router/index.js:297:9\n    at processParams (/Users/shobilsathish/Desktop/SMS/server/node_modules/router/index.js:582:12)\n    at next (/Users/shobilsathish/Desktop/SMS/server/node_modules/router/index.js:291:5)\n    at /Users/shobilsathish/Desktop/SMS/server/node_modules/body-parser/lib/read.js:171:5","timestamp":"2026-02-04T07:15:55.040Z"}
{"level":"error","message":"[Error] POST /api/auth/login - Not allowed by CORS","timestamp":"2026-02-04T07:26:30.327Z"}
{"level":"error","message":"Error: Not allowed by CORS\n    at origin (file:///Users/shobilsathish/Desktop/SMS/server/src/app.js:48:25)\n    at /Users/shobilsathish/Desktop/SMS/server/node_modules/cors/lib/index.js:219:13\n    at optionsCallback (/Users/shobilsathish/Desktop/SMS/server/node_modules/cors/lib/index.js:199:9)\n    at corsMiddleware (/Users/shobilsathish/Desktop/SMS/server/node_modules/cors/lib/index.js:204:7)\n    at Layer.handleRequest (/Users/shobilsathish/Desktop/SMS/server/node_modules/router/lib/layer.js:152:17)\n    at trimPrefix (/Users/shobilsathish/Desktop/SMS/server/node_modules/router/index.js:342:13)\n    at /Users/shobilsathish/Desktop/SMS/server/node_modules/router/index.js:297:9\n    at processParams (/Users/shobilsathish/Desktop/SMS/server/node_modules/router/index.js:582:12)\n    at next (/Users/shobilsathish/Desktop/SMS/server/node_modules/router/index.js:291:5)\n    at /Users/shobilsathish/Desktop/SMS/server/node_modules/body-parser/lib/read.js:171:5","timestamp":"2026-02-04T07:26:30.328Z"}
{"level":"error","message":"[Error] GET /api/attendance?course=&batch=&date=2026-02-03 - Cast to ObjectId failed for value \"\" (type string) at path \"batchId\" for model \"Attendance\"","timestamp":"2026-02-04T09:24:46.431Z"}
{"level":"error","message":"CastError: Cast to ObjectId failed for value \"\" (type string) at path \"batchId\" for model \"Attendance\"\n    at SchemaObjectId.cast (/Users/shobilsathish/Desktop/SMS/server/node_modules/mongoose/lib/schema/objectId.js:253:11)\n    at SchemaType.applySetters (/Users/shobilsathish/Desktop/SMS/server/node_modules/mongoose/lib/schemaType.js:1280:12)\n    at SchemaType.castForQuery (/Users/shobilsathish/Desktop/SMS/server/node_modules/mongoose/lib/schemaType.js:1706:17)\n    at cast (/Users/shobilsathish/Desktop/SMS/server/node_modules/mongoose/lib/cast.js:386:32)\n    at Query.cast (/Users/shobilsathish/Desktop/SMS/server/node_modules/mongoose/lib/query.js:5040:12)\n    at Query._castConditions (/Users/shobilsathish/Desktop/SMS/server/node_modules/mongoose/lib/query.js:2374:10)\n    at model.Query._find (/Users/shobilsathish/Desktop/SMS/server/node_modules/mongoose/lib/query.js:2401:8)\n    at model.Query.exec (/Users/shobilsathish/Desktop/SMS/server/node_modules/mongoose/lib/query.js:4652:80)\n    at process.processTicksAndRejections (node:internal/process/task_queues:104:5)\n    at async getBatchAttendanceService (file:///Users/shobilsathish/Desktop/SMS/server/src/modules/attendance/attendance.service.js:57:12)","timestamp":"2026-02-04T09:24:46.439Z"}
{"level":"error","message":"[Error] GET /api/attendance?course=&batch=&date=2026-02-03 - Cast to ObjectId failed for value \"\" (type string) at path \"batchId\" for model \"Attendance\"","timestamp":"2026-02-04T09:24:50.878Z"}
{"level":"error","message":"CastError: Cast to ObjectId failed for value \"\" (type string) at path \"batchId\" for model \"Attendance\"\n    at SchemaObjectId.cast (/Users/shobilsathish/Desktop/SMS/server/node_modules/mongoose/lib/schema/objectId.js:253:11)\n    at SchemaType.applySetters (/Users/shobilsathish/Desktop/SMS/server/node_modules/mongoose/lib/schemaType.js:1280:12)\n    at SchemaType.castForQuery (/Users/shobilsathish/Desktop/SMS/server/node_modules/mongoose/lib/schemaType.js:1706:17)\n    at cast (/Users/shobilsathish/Desktop/SMS/server/node_modules/mongoose/lib/cast.js:386:32)\n    at Query.cast (/Users/shobilsathish/Desktop/SMS/server/node_modules/mongoose/lib/query.js:5040:12)\n    at Query._castConditions (/Users/shobilsathish/Desktop/SMS/server/node_modules/mongoose/lib/query.js:2374:10)\n    at model.Query._find (/Users/shobilsathish/Desktop/SMS/server/node_modules/mongoose/lib/query.js:2401:8)\n    at model.Query.exec (/Users/shobilsathish/Desktop/SMS/server/node_modules/mongoose/lib/query.js:4652:80)\n    at process.processTicksAndRejections (node:internal/process/task_queues:104:5)\n    at async getBatchAttendanceService (file:///Users/shobilsathish/Desktop/SMS/server/src/modules/attendance/attendance.service.js:57:12)","timestamp":"2026-02-04T09:24:50.879Z"}
{"level":"error","message":"[Error] POST /api/students - Name is required","timestamp":"2026-02-04T10:42:52.395Z"}
{"level":"error","message":"[Error] POST /api/students - Name is required","timestamp":"2026-02-04T10:43:03.885Z"}
{"level":"error","message":"[Error] POST /api/students - Invalid email format","timestamp":"2026-02-04T10:56:20.079Z"}
{"level":"error","message":"[Error] POST /api/students - Invalid batch ID format","timestamp":"2026-02-04T11:02:52.169Z"}
{"level":"error","message":"[Error] POST /api/faculty - Invalid department. Please select from the approved institutional list.","timestamp":"2026-02-04T17:45:48.907Z"}
{"level":"error","message":"[Error] POST /api/courses - Duration is required","timestamp":"2026-02-04T17:47:48.693Z"}
{"level":"error","message":"[Error] POST /api/courses - Duration is required","timestamp":"2026-02-04T17:48:06.496Z"}
{"level":"error","message":"[Error] POST /api/courses - Duration is required","timestamp":"2026-02-04T17:48:48.513Z"}
{"level":"error","message":"[Error] POST /api/courses - Duration is required","timestamp":"2026-02-04T17:48:56.325Z"}
{"level":"error","message":"[Error] POST /api/batches - Start date is required","timestamp":"2026-02-04T17:52:39.114Z"}
{"level":"error","message":"[Error] POST /api/batches - Start date is required","timestamp":"2026-02-04T17:53:51.374Z"}
{"level":"error","message":"[Error] POST /api/batches - Invalid status","timestamp":"2026-02-04T17:57:58.213Z"}
{"level":"error","message":"[Error] POST /api/students - Invalid batch ID format","timestamp":"2026-02-04T19:10:28.618Z"}
{"level":"error","message":"[Error] POST /api/auth/login - Invalid value","timestamp":"2026-02-04T19:55:15.060Z"}
{"level":"error","message":"[Error] POST /api/auth/login - Invalid value","timestamp":"2026-02-04T19:55:19.211Z"}
{"level":"error","message":"[Error] POST /api/auth/login - Invalid value","timestamp":"2026-02-04T19:55:51.461Z"}
{"level":"error","message":"[Error] POST /api/auth/login - Invalid value","timestamp":"2026-02-04T19:56:05.440Z"}
{"level":"error","message":"[Error] POST /api/auth/login - Invalid value","timestamp":"2026-02-04T19:56:06.340Z"}
{"level":"error","message":"[Error] POST /api/auth/login - Invalid value","timestamp":"2026-02-04T19:56:21.480Z"}
{"level":"error","message":"[Error] POST /api/lms/submit - next is not a function","timestamp":"2026-02-04T20:27:55.625Z"}
{"level":"error","message":"TypeError: next is not a function\n    at model.<anonymous> (file:///Users/shobilsathish/Desktop/SMS/server/src/modules/lms/lmsCourse.model.js:99:5)\n    at Kareem.execPre (/Users/shobilsathish/Desktop/SMS/server/node_modules/kareem/index.js:63:39)\n    at model._execDocumentPreHooks (/Users/shobilsathish/Desktop/SMS/server/node_modules/mongoose/lib/document.js:2957:29)\n    at model.$__validate (/Users/shobilsathish/Desktop/SMS/server/node_modules/mongoose/lib/document.js:2974:28)\n    at model.validate (/Users/shobilsathish/Desktop/SMS/server/node_modules/mongoose/lib/document.js:2672:16)\n    at model.validateBeforeSave (/Users/shobilsathish/Desktop/SMS/server/node_modules/mongoose/lib/plugins/validateBeforeSave.js:34:18)\n    at Kareem.execPre (/Users/shobilsathish/Desktop/SMS/server/node_modules/kareem/index.js:63:39)\n    at model._execDocumentPreHooks (/Users/shobilsathish/Desktop/SMS/server/node_modules/mongoose/lib/document.js:2957:29)\n    at model.$__save (/Users/shobilsathish/Desktop/SMS/server/node_modules/mongoose/lib/model.js:369:16)\n    at model.save (/Users/shobilsathish/Desktop/SMS/server/node_modules/mongoose/lib/model.js:609:16)","timestamp":"2026-02-04T20:27:55.630Z"}
{"level":"error","message":"[Error] POST /api/lms/enroll - Student profile not found","timestamp":"2026-02-04T20:31:45.399Z"}
{"level":"error","message":"Error: Student profile not found\n    at Module.enrollInCourse (file:///Users/shobilsathish/Desktop/SMS/server/src/modules/lms/lms.service.js:60:25)\n    at process.processTicksAndRejections (node:internal/process/task_queues:104:5)\n    at async enroll (file:///Users/shobilsathish/Desktop/SMS/server/src/modules/lms/lms.controller.js:63:28)","timestamp":"2026-02-04T20:31:45.399Z"}
{"level":"error","message":"[Error] POST /api/lms/enroll - Student profile not found","timestamp":"2026-02-04T20:31:51.912Z"}
{"level":"error","message":"Error: Student profile not found\n    at Module.enrollInCourse (file:///Users/shobilsathish/Desktop/SMS/server/src/modules/lms/lms.service.js:60:25)\n    at process.processTicksAndRejections (node:internal/process/task_queues:104:5)\n    at async enroll (file:///Users/shobilsathish/Desktop/SMS/server/src/modules/lms/lms.controller.js:63:28)","timestamp":"2026-02-04T20:31:51.912Z"}
{"level":"error","message":"[Error] POST /api/lms/enroll - Student profile not found","timestamp":"2026-02-04T20:32:02.620Z"}
{"level":"error","message":"Error: Student profile not found\n    at Module.enrollInCourse (file:///Users/shobilsathish/Desktop/SMS/server/src/modules/lms/lms.service.js:60:25)\n    at process.processTicksAndRejections (node:internal/process/task_queues:104:5)\n    at async enroll (file:///Users/shobilsathish/Desktop/SMS/server/src/modules/lms/lms.controller.js:63:28)","timestamp":"2026-02-04T20:32:02.623Z"}
{"level":"error","message":"[Error] POST /api/lms/enroll - Already enrolled in this course","timestamp":"2026-02-04T20:33:15.712Z"}
{"level":"error","message":"Error: Already enrolled in this course\n    at Module.enrollInCourse (file:///Users/shobilsathish/Desktop/SMS/server/src/modules/lms/lms.service.js:69:25)\n    at process.processTicksAndRejections (node:internal/process/task_queues:104:5)\n    at async enroll (file:///Users/shobilsathish/Desktop/SMS/server/src/modules/lms/lms.controller.js:63:28)","timestamp":"2026-02-04T20:33:15.713Z"}
{"level":"error","message":"[Error] POST /api/lms/enroll - Already enrolled in this course","timestamp":"2026-02-04T20:34:35.015Z"}
{"level":"error","message":"Error: Already enrolled in this course\n    at Module.enrollInCourse (file:///Users/shobilsathish/Desktop/SMS/server/src/modules/lms/lms.service.js:69:25)\n    at process.processTicksAndRejections (node:internal/process/task_queues:104:5)\n    at async enroll (file:///Users/shobilsathish/Desktop/SMS/server/src/modules/lms/lms.controller.js:63:28)","timestamp":"2026-02-04T20:34:35.015Z"}
{"level":"error","message":"[Error] POST /api/auth/login - Invalid email format","timestamp":"2026-02-05T03:58:09.230Z"}
{"level":"error","message":"[Error] POST /api/auth/login - Invalid email format","timestamp":"2026-02-05T04:00:17.006Z"}
{"level":"error","message":"[Error] POST /api/auth/login - Invalid email format","timestamp":"2026-02-05T04:00:27.066Z"}
{"level":"error","message":"[Error] POST /api/auth/login - Invalid email format","timestamp":"2026-02-05T04:01:31.545Z"}
{"level":"error","message":"[Error] POST /api/auth/login - Invalid date format (YYYY-MM-DD)","timestamp":"2026-02-05T16:52:44.854Z"}
